<?xml version="1.0" encoding="UTF-8"?>
<!-- Generated by org.testng.reporters.JUnitXMLReporter -->
<testsuite hostname="STI-D01-DINESH" name="Test" tests="11" failures="0" timestamp="26 Sep 2016 12:54:52 GMT" time="895.835" errors="0">
  <testcase name="TC_001" time="73.437" classname="TestCases.TestCases"/>
  <testcase name="TC_002" time="62.911" classname="TestCases.TestCases"/>
  <testcase name="TC_003" time="128.336" classname="TestCases.TestCases"/>
  <testcase name="TC_005" time="137.54" classname="TestCases.TestCases"/>
  <testcase name="TC_007" time="101.856" classname="TestCases.TestCases"/>
  <testcase name="TC_008" time="151.72" classname="TestCases.TestCases"/>
  <testcase name="TC_009" time="23.565" classname="TestCases.TestCases"/>
  <testcase name="TC_010" time="47.073" classname="TestCases.TestCases"/>
  <testcase name="TC_011" time="44.066" classname="TestCases.TestCases"/>
  <testcase name="TC_012" time="57.373" classname="TestCases.TestCases"/>
  <testcase name="TC_013" time="67.952" classname="TestCases.TestCases"/>
</testsuite> <!-- Test -->
