<?xml version="1.0" encoding="UTF-8"?>
<testng-results skipped="0" failed="0" total="1" passed="1">
  <reporter-output>
  </reporter-output>
  <suite name="Surefire suite" duration-ms="119964" started-at="2016-06-21T15:18:54Z" finished-at="2016-06-21T15:20:54Z">
    <groups>
    </groups>
    <test name="Surefire test" duration-ms="119964" started-at="2016-06-21T15:18:54Z" finished-at="2016-06-21T15:20:54Z">
      <class name="LaunchScript.LaunchScript">
        <test-method status="PASS" signature="Launch()[pri:0, instance:LaunchScript.LaunchScript@53c8b26e]" name="Launch" duration-ms="119954" started-at="2016-06-21T20:48:54Z" finished-at="2016-06-21T20:50:54Z">
          <reporter-output>
          </reporter-output>
        </test-method> <!-- Launch -->
      </class> <!-- LaunchScript.LaunchScript -->
    </test> <!-- Surefire test -->
  </suite> <!-- Surefire suite -->
</testng-results>
